<?xml version="1.0" encoding="UTF-8"?>
<!-- Generated by org.testng.reporters.JUnitReportReporter -->
<testsuite hostname="anitha2020" failures="0" tests="1" name="circleCIexpo.circleCIexpo.PrintScreenMain" time="0.023" errors="0" timestamp="28 Jan 2022 13:01:44 GMT" skipped="0">
  <testcase classname="circleCIexpo.circleCIexpo.PrintScreenMain" name="navigateToAUrl" time="0.023"/>
</testsuite> <!-- circleCIexpo.circleCIexpo.PrintScreenMain -->
